<?xml version="1.0" encoding="UTF-8"?>
<!-- Generated by org.testng.reporters.JUnitXMLReporter -->
<testsuite hostname="DESKTOP-CCE05MO" ignored="0" name="Command line test" tests="2" failures="0" timestamp="06 Mar 2017 12:25:07 GMT" time="7.294" errors="0">
  <testcase name="OneWayFlightTest" time="1.205" classname="com.expedia.testscripts.FrameworkTest"/>
  <testcase name="ReturnFlightTest" time="0.836" classname="com.expedia.testscripts.FrameworkTest"/>
</testsuite> <!-- Command line test -->
