<?xml version="1.0" encoding="UTF-8"?>
<!-- Generated by org.testng.reporters.JUnitXMLReporter -->
<testsuite hostname="DESKTOP-CCE05MO" ignored="1" name="FireFox Test" tests="1" failures="0" timestamp="06 Mar 2017 12:54:37 GMT" time="8.511" errors="0">
  <testcase name="OneWayFlightTest" time="1.355" classname="com.expedia.testscripts.FrameworkTest"/>
  <testcase name="ReturnFlightTest" time="0.0" classname="com.expedia.testscripts.FrameworkTest">
    <ignored/>
  </testcase> <!-- ReturnFlightTest -->
</testsuite> <!-- FireFox Test -->
