<?xml version="1.0" encoding="UTF-8"?>
<testng-results skipped="0" failed="0" ignored="1" total="2" passed="1">
  <reporter-output>
  </reporter-output>
  <suite name="TestSuite" duration-ms="8511" started-at="2017-03-06T12:54:28Z" finished-at="2017-03-06T12:54:37Z">
    <groups>
    </groups>
    <test name="FireFox Test" duration-ms="8511" started-at="2017-03-06T12:54:28Z" finished-at="2017-03-06T12:54:37Z">
      <class name="com.expedia.testscripts.FrameworkTest">
        <test-method status="PASS" signature="BeforeTestRun()[pri:0, instance:com.expedia.testscripts.FrameworkTest@5442a311]" name="BeforeTestRun" is-config="true" duration-ms="13129" started-at="2017-03-06T12:54:15Z" finished-at="2017-03-06T12:54:28Z">
          <reporter-output>
          </reporter-output>
        </test-method> <!-- BeforeTestRun -->
        <test-method status="PASS" signature="beforeClass()[pri:0, instance:com.expedia.testscripts.FrameworkTest@5442a311]" name="beforeClass" is-config="true" duration-ms="40" started-at="2017-03-06T12:54:28Z" finished-at="2017-03-06T12:54:28Z">
          <reporter-output>
          </reporter-output>
        </test-method> <!-- beforeClass -->
        <test-method status="PASS" signature="OneWayFlightTest()[pri:0, instance:com.expedia.testscripts.FrameworkTest@5442a311]" name="OneWayFlightTest" duration-ms="1355" started-at="2017-03-06T12:54:28Z" finished-at="2017-03-06T12:54:30Z">
          <reporter-output>
          </reporter-output>
        </test-method> <!-- OneWayFlightTest -->
        <test-method status="PASS" signature="afterClass()[pri:0, instance:com.expedia.testscripts.FrameworkTest@5442a311]" name="afterClass" is-config="true" duration-ms="7089" started-at="2017-03-06T12:54:30Z" finished-at="2017-03-06T12:54:37Z">
          <reporter-output>
          </reporter-output>
        </test-method> <!-- afterClass -->
        <test-method status="PASS" signature="AfterTestRun()[pri:0, instance:com.expedia.testscripts.FrameworkTest@5442a311]" name="AfterTestRun" is-config="true" duration-ms="782" started-at="2017-03-06T12:54:37Z" finished-at="2017-03-06T12:54:38Z">
          <reporter-output>
          </reporter-output>
        </test-method> <!-- AfterTestRun -->
      </class> <!-- com.expedia.testscripts.FrameworkTest -->
    </test> <!-- FireFox Test -->
  </suite> <!-- TestSuite -->
</testng-results>
