<?xml version="1.0" encoding="UTF-8"?>
<testng-results skipped="0" failed="0" ignored="0" total="1" passed="1">
  <reporter-output>
  </reporter-output>
  <suite name="Command line suite" duration-ms="56" started-at="2017-03-06T12:25:08Z" finished-at="2017-03-06T12:25:08Z">
    <groups>
    </groups>
    <test name="Command line test" duration-ms="56" started-at="2017-03-06T12:25:08Z" finished-at="2017-03-06T12:25:08Z">
      <class name="com.expedia.flightbooking.AppTest">
        <test-method status="PASS" signature="testApp()" name="testApp" duration-ms="16" started-at="2017-03-06T12:25:08Z" finished-at="2017-03-06T12:25:08Z">
          <reporter-output>
          </reporter-output>
        </test-method> <!-- testApp -->
      </class> <!-- com.expedia.flightbooking.AppTest -->
    </test> <!-- Command line test -->
  </suite> <!-- Command line suite -->
</testng-results>
