<?xml version="1.0" encoding="UTF-8"?>
<testng-results skipped="0" failed="0" ignored="0" total="2" passed="2">
  <reporter-output>
  </reporter-output>
  <suite name="Command line suite" duration-ms="7294" started-at="2017-03-06T12:24:59Z" finished-at="2017-03-06T12:25:06Z">
    <groups>
    </groups>
    <test name="Command line test" duration-ms="7294" started-at="2017-03-06T12:24:59Z" finished-at="2017-03-06T12:25:06Z">
      <class name="com.expedia.testscripts.FrameworkTest">
        <test-method status="PASS" signature="BeforeTestRun()[pri:0, instance:com.expedia.testscripts.FrameworkTest@458ad742]" name="BeforeTestRun" is-config="true" duration-ms="11343" started-at="2017-03-06T12:24:48Z" finished-at="2017-03-06T12:24:59Z">
          <reporter-output>
          </reporter-output>
        </test-method> <!-- BeforeTestRun -->
        <test-method status="PASS" signature="beforeClass()[pri:0, instance:com.expedia.testscripts.FrameworkTest@458ad742]" name="beforeClass" is-config="true" duration-ms="38" started-at="2017-03-06T12:24:59Z" finished-at="2017-03-06T12:24:59Z">
          <reporter-output>
          </reporter-output>
        </test-method> <!-- beforeClass -->
        <test-method status="PASS" signature="OneWayFlightTest()[pri:0, instance:com.expedia.testscripts.FrameworkTest@458ad742]" name="OneWayFlightTest" duration-ms="1205" started-at="2017-03-06T12:24:59Z" finished-at="2017-03-06T12:25:00Z">
          <reporter-output>
          </reporter-output>
        </test-method> <!-- OneWayFlightTest -->
        <test-method status="PASS" signature="ReturnFlightTest()[pri:0, instance:com.expedia.testscripts.FrameworkTest@458ad742]" name="ReturnFlightTest" duration-ms="836" started-at="2017-03-06T12:25:00Z" finished-at="2017-03-06T12:25:01Z">
          <reporter-output>
          </reporter-output>
        </test-method> <!-- ReturnFlightTest -->
        <test-method status="PASS" signature="afterClass()[pri:0, instance:com.expedia.testscripts.FrameworkTest@458ad742]" name="afterClass" is-config="true" duration-ms="5194" started-at="2017-03-06T12:25:01Z" finished-at="2017-03-06T12:25:06Z">
          <reporter-output>
          </reporter-output>
        </test-method> <!-- afterClass -->
        <test-method status="PASS" signature="AfterTestRun()[pri:0, instance:com.expedia.testscripts.FrameworkTest@458ad742]" name="AfterTestRun" is-config="true" duration-ms="770" started-at="2017-03-06T12:25:07Z" finished-at="2017-03-06T12:25:07Z">
          <reporter-output>
          </reporter-output>
        </test-method> <!-- AfterTestRun -->
      </class> <!-- com.expedia.testscripts.FrameworkTest -->
    </test> <!-- Command line test -->
  </suite> <!-- Command line suite -->
</testng-results>
