<?xml version="1.0" encoding="UTF-8"?>
<testng-results skipped="0" failed="0" ignored="1" total="2" passed="1">
  <reporter-output>
  </reporter-output>
  <suite name="TestSuite" duration-ms="7391" started-at="2017-03-06T12:51:29Z" finished-at="2017-03-06T12:51:36Z">
    <groups>
    </groups>
    <test name="FireFox Test" duration-ms="7391" started-at="2017-03-06T12:51:29Z" finished-at="2017-03-06T12:51:36Z">
      <class name="com.expedia.testscripts.FrameworkTest">
        <test-method status="PASS" signature="BeforeTestRun()[pri:0, instance:com.expedia.testscripts.FrameworkTest@614c5515]" name="BeforeTestRun" is-config="true" duration-ms="8215" started-at="2017-03-06T12:51:21Z" finished-at="2017-03-06T12:51:29Z">
          <reporter-output>
          </reporter-output>
        </test-method> <!-- BeforeTestRun -->
        <test-method status="PASS" signature="beforeClass()[pri:0, instance:com.expedia.testscripts.FrameworkTest@614c5515]" name="beforeClass" is-config="true" duration-ms="59" started-at="2017-03-06T12:51:29Z" finished-at="2017-03-06T12:51:29Z">
          <reporter-output>
          </reporter-output>
        </test-method> <!-- beforeClass -->
        <test-method status="PASS" signature="ReturnFlightTest()[pri:0, instance:com.expedia.testscripts.FrameworkTest@614c5515]" name="ReturnFlightTest" duration-ms="2061" started-at="2017-03-06T12:51:29Z" finished-at="2017-03-06T12:51:31Z">
          <reporter-output>
          </reporter-output>
        </test-method> <!-- ReturnFlightTest -->
        <test-method status="PASS" signature="afterClass()[pri:0, instance:com.expedia.testscripts.FrameworkTest@614c5515]" name="afterClass" is-config="true" duration-ms="5226" started-at="2017-03-06T12:51:31Z" finished-at="2017-03-06T12:51:36Z">
          <reporter-output>
          </reporter-output>
        </test-method> <!-- afterClass -->
        <test-method status="PASS" signature="AfterTestRun()[pri:0, instance:com.expedia.testscripts.FrameworkTest@614c5515]" name="AfterTestRun" is-config="true" duration-ms="721" started-at="2017-03-06T12:51:36Z" finished-at="2017-03-06T12:51:37Z">
          <reporter-output>
          </reporter-output>
        </test-method> <!-- AfterTestRun -->
      </class> <!-- com.expedia.testscripts.FrameworkTest -->
    </test> <!-- FireFox Test -->
  </suite> <!-- TestSuite -->
</testng-results>
