<?xml version="1.0" encoding="UTF-8"?>
<testng-results skipped="0" failed="0" ignored="1" total="2" passed="1">
  <reporter-output>
  </reporter-output>
  <suite name="TestSuite" duration-ms="9979" started-at="2017-03-06T20:41:31Z" finished-at="2017-03-06T20:41:41Z">
    <groups>
    </groups>
    <test name="FireFox Test" duration-ms="9979" started-at="2017-03-06T20:41:31Z" finished-at="2017-03-06T20:41:41Z">
      <class name="com.expedia.testscripts.FrameworkTest">
        <test-method status="PASS" signature="BeforeTestRun()[pri:0, instance:com.expedia.testscripts.FrameworkTest@4cb2c100]" name="BeforeTestRun" is-config="true" duration-ms="22388" started-at="2017-03-06T20:41:09Z" finished-at="2017-03-06T20:41:31Z">
          <reporter-output>
          </reporter-output>
        </test-method> <!-- BeforeTestRun -->
        <test-method status="PASS" signature="beforeClass()[pri:0, instance:com.expedia.testscripts.FrameworkTest@4cb2c100]" name="beforeClass" is-config="true" duration-ms="84" started-at="2017-03-06T20:41:31Z" finished-at="2017-03-06T20:41:31Z">
          <reporter-output>
          </reporter-output>
        </test-method> <!-- beforeClass -->
        <test-method status="PASS" signature="ReturnFlightTest()[pri:0, instance:com.expedia.testscripts.FrameworkTest@4cb2c100]" name="ReturnFlightTest" duration-ms="2427" started-at="2017-03-06T20:41:31Z" finished-at="2017-03-06T20:41:34Z">
          <reporter-output>
          </reporter-output>
        </test-method> <!-- ReturnFlightTest -->
        <test-method status="PASS" signature="afterClass()[pri:0, instance:com.expedia.testscripts.FrameworkTest@4cb2c100]" name="afterClass" is-config="true" duration-ms="7431" started-at="2017-03-06T20:41:34Z" finished-at="2017-03-06T20:41:41Z">
          <reporter-output>
          </reporter-output>
        </test-method> <!-- afterClass -->
        <test-method status="PASS" signature="AfterTestRun()[pri:0, instance:com.expedia.testscripts.FrameworkTest@4cb2c100]" name="AfterTestRun" is-config="true" duration-ms="3238" started-at="2017-03-06T20:41:42Z" finished-at="2017-03-06T20:41:45Z">
          <reporter-output>
          </reporter-output>
        </test-method> <!-- AfterTestRun -->
      </class> <!-- com.expedia.testscripts.FrameworkTest -->
    </test> <!-- FireFox Test -->
  </suite> <!-- TestSuite -->
</testng-results>
