<?xml version="1.0" encoding="UTF-8"?>
<!-- Generated by org.testng.reporters.JUnitXMLReporter -->
<testsuite hostname="DESKTOP-CCE05MO" ignored="1" name="FireFox Test" tests="1" failures="0" timestamp="06 Mar 2017 20:41:41 GMT" time="9.979" errors="0">
  <testcase name="ReturnFlightTest" time="2.427" classname="com.expedia.testscripts.FrameworkTest"/>
  <testcase name="OneWayFlightTest" time="0.0" classname="com.expedia.testscripts.FrameworkTest">
    <ignored/>
  </testcase> <!-- OneWayFlightTest -->
</testsuite> <!-- FireFox Test -->
